<?xml version="1.0" encoding="UTF-8"?>
<testng-results ignored="0" total="6" passed="5" failed="1" skipped="0">
  <reporter-output>
  </reporter-output>
  <suite started-at="2022-09-06T15:43:02 EDT" name="Suite" finished-at="2022-09-06T15:43:42 EDT" duration-ms="39269">
    <groups>
    </groups>
    <test started-at="2022-09-06T15:43:02 EDT" name="Test" finished-at="2022-09-06T15:43:42 EDT" duration-ms="39269">
      <class name="Testcase.dsalgotest">
        <test-method is-config="true" signature="setupTest()[pri:0, instance:Testcase.dsalgotest@5d0bf09b]" started-at="2022-09-06T15:43:02 EDT" name="setupTest" finished-at="2022-09-06T15:43:05 EDT" duration-ms="2396" status="PASS">
          <reporter-output>
          </reporter-output>
        </test-method> <!-- setupTest -->
        <test-method signature="verifyhomepage()[pri:0, instance:Testcase.dsalgotest@5d0bf09b]" started-at="2022-09-06T15:43:05 EDT" name="verifyhomepage" finished-at="2022-09-06T15:43:06 EDT" duration-ms="713" status="FAIL">
          <exception class="java.lang.AssertionError">
            <message>
              <![CDATA[expected [NumpyNinja1] but found [NumpyNinja]]]>
            </message>
            <full-stacktrace>
              <![CDATA[java.lang.AssertionError: expected [NumpyNinja1] but found [NumpyNinja]
at org.testng.Assert.fail(Assert.java:99)
at org.testng.Assert.failNotEquals(Assert.java:1037)
at org.testng.Assert.assertEqualsImpl(Assert.java:140)
at org.testng.Assert.assertEquals(Assert.java:122)
at org.testng.Assert.assertEquals(Assert.java:629)
at org.testng.Assert.assertEquals(Assert.java:639)
at dsalgo.homepage.Test1(homepage.java:72)
at Testcase.dsalgotest.verifyhomepage(dsalgotest.java:50)
at java.base/jdk.internal.reflect.DirectMethodHandleAccessor.invoke(DirectMethodHandleAccessor.java:104)
at java.base/java.lang.reflect.Method.invoke(Method.java:577)
at org.testng.internal.MethodInvocationHelper.invokeMethod(MethodInvocationHelper.java:133)
at org.testng.internal.TestInvoker.invokeMethod(TestInvoker.java:598)
at org.testng.internal.TestInvoker.invokeTestMethod(TestInvoker.java:173)
at org.testng.internal.MethodRunner.runInSequence(MethodRunner.java:46)
at org.testng.internal.TestInvoker$MethodInvocationAgent.invoke(TestInvoker.java:824)
at org.testng.internal.TestInvoker.invokeTestMethods(TestInvoker.java:146)
at org.testng.internal.TestMethodWorker.invokeTestMethods(TestMethodWorker.java:146)
at org.testng.internal.TestMethodWorker.run(TestMethodWorker.java:128)
at java.base/java.util.ArrayList.forEach(ArrayList.java:1511)
at org.testng.TestRunner.privateRun(TestRunner.java:794)
at org.testng.TestRunner.run(TestRunner.java:596)
at org.testng.SuiteRunner.runTest(SuiteRunner.java:377)
at org.testng.SuiteRunner.runSequentially(SuiteRunner.java:371)
at org.testng.SuiteRunner.privateRun(SuiteRunner.java:332)
at org.testng.SuiteRunner.run(SuiteRunner.java:276)
at org.testng.SuiteRunnerWorker.runSuite(SuiteRunnerWorker.java:53)
at org.testng.SuiteRunnerWorker.run(SuiteRunnerWorker.java:96)
at org.testng.TestNG.runSuitesSequentially(TestNG.java:1212)
at org.testng.TestNG.runSuitesLocally(TestNG.java:1134)
at org.testng.TestNG.runSuites(TestNG.java:1063)
at org.testng.TestNG.run(TestNG.java:1031)
at org.testng.remote.AbstractRemoteTestNG.run(AbstractRemoteTestNG.java:115)
at org.testng.remote.RemoteTestNG.initAndRun(RemoteTestNG.java:251)
at org.testng.remote.RemoteTestNG.main(RemoteTestNG.java:77)
]]>
            </full-stacktrace>
          </exception> <!-- java.lang.AssertionError -->
          <reporter-output>
          </reporter-output>
        </test-method> <!-- verifyhomepage -->
        <test-method is-config="true" signature="closeBrowser()[pri:0, instance:Testcase.dsalgotest@5d0bf09b]" started-at="2022-09-06T15:43:06 EDT" name="closeBrowser" finished-at="2022-09-06T15:43:06 EDT" duration-ms="218" status="PASS">
          <reporter-output>
          </reporter-output>
        </test-method> <!-- closeBrowser -->
        <test-method is-config="true" signature="setupTest()[pri:0, instance:Testcase.dsalgotest@5d0bf09b]" started-at="2022-09-06T15:43:06 EDT" name="setupTest" finished-at="2022-09-06T15:43:07 EDT" duration-ms="1044" status="PASS">
          <reporter-output>
          </reporter-output>
        </test-method> <!-- setupTest -->
        <test-method signature="verifylogin(java.lang.String,java.lang.String,java.lang.String)[pri:1, instance:Testcase.dsalgotest@5d0bf09b]" started-at="2022-09-06T15:43:07 EDT" name="verifylogin" data-provider="logindata" finished-at="2022-09-06T15:43:08 EDT" duration-ms="711" status="PASS">
          <params>
            <param index="0">
              <value>
                <![CDATA[uagavi123]]>
              </value>
            </param>
            <param index="1">
              <value>
                <![CDATA[]]>
              </value>
            </param>
            <param index="2">
              <value>
                <![CDATA[Invalid]]>
              </value>
            </param>
          </params>
          <reporter-output>
          </reporter-output>
        </test-method> <!-- verifylogin -->
        <test-method is-config="true" signature="closeBrowser()[pri:0, instance:Testcase.dsalgotest@5d0bf09b]" started-at="2022-09-06T15:43:08 EDT" name="closeBrowser" finished-at="2022-09-06T15:43:08 EDT" duration-ms="178" status="PASS">
          <reporter-output>
          </reporter-output>
        </test-method> <!-- closeBrowser -->
        <test-method is-config="true" signature="setupTest()[pri:0, instance:Testcase.dsalgotest@5d0bf09b]" started-at="2022-09-06T15:43:08 EDT" name="setupTest" finished-at="2022-09-06T15:43:09 EDT" duration-ms="1171" status="PASS">
          <reporter-output>
          </reporter-output>
        </test-method> <!-- setupTest -->
        <test-method signature="verifylogin(java.lang.String,java.lang.String,java.lang.String)[pri:1, instance:Testcase.dsalgotest@5d0bf09b]" started-at="2022-09-06T15:43:09 EDT" name="verifylogin" data-provider="logindata" finished-at="2022-09-06T15:43:10 EDT" duration-ms="967" status="PASS">
          <params>
            <param index="0">
              <value>
                <![CDATA[uagavi123]]>
              </value>
            </param>
            <param index="1">
              <value>
                <![CDATA[appy123]]>
              </value>
            </param>
            <param index="2">
              <value>
                <![CDATA[Invalid]]>
              </value>
            </param>
          </params>
          <reporter-output>
          </reporter-output>
        </test-method> <!-- verifylogin -->
        <test-method is-config="true" signature="closeBrowser()[pri:0, instance:Testcase.dsalgotest@5d0bf09b]" started-at="2022-09-06T15:43:10 EDT" name="closeBrowser" finished-at="2022-09-06T15:43:10 EDT" duration-ms="183" status="PASS">
          <reporter-output>
          </reporter-output>
        </test-method> <!-- closeBrowser -->
        <test-method is-config="true" signature="setupTest()[pri:0, instance:Testcase.dsalgotest@5d0bf09b]" started-at="2022-09-06T15:43:10 EDT" name="setupTest" finished-at="2022-09-06T15:43:12 EDT" duration-ms="1139" status="PASS">
          <reporter-output>
          </reporter-output>
        </test-method> <!-- setupTest -->
        <test-method signature="verifylogin(java.lang.String,java.lang.String,java.lang.String)[pri:1, instance:Testcase.dsalgotest@5d0bf09b]" started-at="2022-09-06T15:43:12 EDT" name="verifylogin" data-provider="logindata" finished-at="2022-09-06T15:43:13 EDT" duration-ms="1170" status="PASS">
          <params>
            <param index="0">
              <value>
                <![CDATA[uagavi123]]>
              </value>
            </param>
            <param index="1">
              <value>
                <![CDATA[Password123!]]>
              </value>
            </param>
            <param index="2">
              <value>
                <![CDATA[Valid]]>
              </value>
            </param>
          </params>
          <reporter-output>
          </reporter-output>
        </test-method> <!-- verifylogin -->
        <test-method is-config="true" signature="closeBrowser()[pri:0, instance:Testcase.dsalgotest@5d0bf09b]" started-at="2022-09-06T15:43:13 EDT" name="closeBrowser" finished-at="2022-09-06T15:43:13 EDT" duration-ms="220" status="PASS">
          <reporter-output>
          </reporter-output>
        </test-method> <!-- closeBrowser -->
        <test-method is-config="true" signature="setupTest()[pri:0, instance:Testcase.dsalgotest@5d0bf09b]" started-at="2022-09-06T15:43:13 EDT" name="setupTest" finished-at="2022-09-06T15:43:14 EDT" duration-ms="1107" status="PASS">
          <reporter-output>
          </reporter-output>
        </test-method> <!-- setupTest -->
        <test-method signature="reg()[pri:2, instance:Testcase.dsalgotest@5d0bf09b]" started-at="2022-09-06T15:43:14 EDT" name="reg" finished-at="2022-09-06T15:43:23 EDT" duration-ms="9248" status="PASS">
          <reporter-output>
          </reporter-output>
        </test-method> <!-- reg -->
        <test-method is-config="true" signature="closeBrowser()[pri:0, instance:Testcase.dsalgotest@5d0bf09b]" started-at="2022-09-06T15:43:23 EDT" name="closeBrowser" finished-at="2022-09-06T15:43:24 EDT" duration-ms="181" status="PASS">
          <reporter-output>
          </reporter-output>
        </test-method> <!-- closeBrowser -->
        <test-method is-config="true" signature="setupTest()[pri:0, instance:Testcase.dsalgotest@5d0bf09b]" started-at="2022-09-06T15:43:24 EDT" name="setupTest" finished-at="2022-09-06T15:43:25 EDT" duration-ms="1110" status="PASS">
          <reporter-output>
          </reporter-output>
        </test-method> <!-- setupTest -->
        <test-method signature="arr()[pri:3, instance:Testcase.dsalgotest@5d0bf09b]" started-at="2022-09-06T15:43:25 EDT" name="arr" finished-at="2022-09-06T15:43:41 EDT" duration-ms="16730" status="PASS">
          <reporter-output>
          </reporter-output>
        </test-method> <!-- arr -->
        <test-method is-config="true" signature="closeBrowser()[pri:0, instance:Testcase.dsalgotest@5d0bf09b]" started-at="2022-09-06T15:43:41 EDT" name="closeBrowser" finished-at="2022-09-06T15:43:42 EDT" duration-ms="226" status="PASS">
          <reporter-output>
          </reporter-output>
        </test-method> <!-- closeBrowser -->
      </class> <!-- Testcase.dsalgotest -->
    </test> <!-- Test -->
  </suite> <!-- Suite -->
</testng-results>
